[Tue Oct 15 11:31:52.663481 2024] [ssl:warn] [pid 17184:tid 336] AH01909: saw:443:0 server certificate does NOT include an ID which matches the server name
[Tue Oct 15 11:31:52.724708 2024] [ssl:warn] [pid 17184:tid 336] AH01909: saw:443:0 server certificate does NOT include an ID which matches the server name
[Tue Oct 15 11:31:53.844640 2024] [ssl:warn] [pid 10040:tid 320] AH01909: saw:443:0 server certificate does NOT include an ID which matches the server name
[Tue Oct 15 11:31:53.893098 2024] [ssl:warn] [pid 10040:tid 320] AH01909: saw:443:0 server certificate does NOT include an ID which matches the server name
[Tue Oct 15 11:32:46.424884 2024] [autoindex:error] [pid 10040:tid 1960] [client 127.0.0.1:59155] AH01276: Cannot serve directory C:/xampp/saw/public_html/uploads/: No matching DirectoryIndex (index.php,index.html,index.htm) found, and server-generated directory index forbidden by Options directive, referer: https://saw/
[Tue Oct 15 11:32:54.786945 2024] [autoindex:error] [pid 10040:tid 1960] [client 127.0.0.1:59155] AH01276: Cannot serve directory C:/xampp/saw/public_html/uploads/: No matching DirectoryIndex (index.php,index.html,index.htm) found, and server-generated directory index forbidden by Options directive, referer: https://saw/
[Tue Oct 15 11:35:21.533533 2024] [autoindex:error] [pid 10040:tid 1956] [client 127.0.0.1:59164] AH01276: Cannot serve directory C:/xampp/saw/public_html/uploads/: No matching DirectoryIndex (index.php,index.html,index.htm) found, and server-generated directory index forbidden by Options directive, referer: https://saw/
[Tue Oct 15 11:35:54.268428 2024] [autoindex:error] [pid 10040:tid 1956] [client 127.0.0.1:59167] AH01276: Cannot serve directory C:/xampp/saw/public_html/uploads/: No matching DirectoryIndex (index.php,index.html,index.htm) found, and server-generated directory index forbidden by Options directive
[Tue Oct 15 11:35:57.625656 2024] [autoindex:error] [pid 10040:tid 1956] [client 127.0.0.1:59167] AH01276: Cannot serve directory C:/xampp/saw/public_html/uploads/: No matching DirectoryIndex (index.php,index.html,index.htm) found, and server-generated directory index forbidden by Options directive
[Tue Oct 15 11:35:58.709594 2024] [autoindex:error] [pid 10040:tid 1940] [client 127.0.0.1:59174] AH01276: Cannot serve directory C:/xampp/saw/public_html/uploads/: No matching DirectoryIndex (index.php,index.html,index.htm) found, and server-generated directory index forbidden by Options directive, referer: https://saw/
[Tue Oct 22 10:57:10.560429 2024] [ssl:warn] [pid 16368:tid 172] AH01909: saw:443:0 server certificate does NOT include an ID which matches the server name
[Tue Oct 22 10:57:10.624823 2024] [ssl:warn] [pid 16368:tid 172] AH01909: saw:443:0 server certificate does NOT include an ID which matches the server name
[Tue Oct 22 10:57:11.911353 2024] [ssl:warn] [pid 4784:tid 320] AH01909: saw:443:0 server certificate does NOT include an ID which matches the server name
[Tue Oct 22 10:57:11.967293 2024] [ssl:warn] [pid 4784:tid 320] AH01909: saw:443:0 server certificate does NOT include an ID which matches the server name
[Tue Oct 22 11:03:37.872192 2024] [ssl:warn] [pid 11708:tid 368] AH01909: saw:443:0 server certificate does NOT include an ID which matches the server name
[Tue Oct 22 11:03:37.928837 2024] [ssl:warn] [pid 11708:tid 368] AH01909: saw:443:0 server certificate does NOT include an ID which matches the server name
[Tue Oct 22 11:03:38.630895 2024] [ssl:warn] [pid 14944:tid 332] AH01909: saw:443:0 server certificate does NOT include an ID which matches the server name
[Tue Oct 22 11:03:38.680833 2024] [ssl:warn] [pid 14944:tid 332] AH01909: saw:443:0 server certificate does NOT include an ID which matches the server name
[Tue Oct 22 11:04:42.985293 2024] [ssl:warn] [pid 13072:tid 220] AH01909: saw:443:0 server certificate does NOT include an ID which matches the server name
[Tue Oct 22 11:04:43.045554 2024] [ssl:warn] [pid 13072:tid 220] AH01909: saw:443:0 server certificate does NOT include an ID which matches the server name
[Tue Oct 22 11:04:43.559522 2024] [ssl:warn] [pid 11784:tid 316] AH01909: saw:443:0 server certificate does NOT include an ID which matches the server name
[Tue Oct 22 11:04:43.608987 2024] [ssl:warn] [pid 11784:tid 316] AH01909: saw:443:0 server certificate does NOT include an ID which matches the server name
[Tue Oct 29 10:22:42.238779 2024] [ssl:warn] [pid 10872:tid 328] AH01909: saw:443:0 server certificate does NOT include an ID which matches the server name
[Tue Oct 29 10:22:42.303716 2024] [ssl:warn] [pid 10872:tid 328] AH01909: saw:443:0 server certificate does NOT include an ID which matches the server name
[Tue Oct 29 10:22:43.397970 2024] [ssl:warn] [pid 10940:tid 320] AH01909: saw:443:0 server certificate does NOT include an ID which matches the server name
[Tue Oct 29 10:22:43.449970 2024] [ssl:warn] [pid 10940:tid 320] AH01909: saw:443:0 server certificate does NOT include an ID which matches the server name
[Tue Oct 29 10:45:53.294631 2024] [ssl:warn] [pid 9936:tid 344] AH01909: saw:443:0 server certificate does NOT include an ID which matches the server name
[Tue Oct 29 10:45:53.356331 2024] [ssl:warn] [pid 9936:tid 344] AH01909: saw:443:0 server certificate does NOT include an ID which matches the server name
[Tue Oct 29 10:45:53.964240 2024] [ssl:warn] [pid 10264:tid 332] AH01909: saw:443:0 server certificate does NOT include an ID which matches the server name
[Tue Oct 29 10:45:54.027180 2024] [ssl:warn] [pid 10264:tid 332] AH01909: saw:443:0 server certificate does NOT include an ID which matches the server name
[Tue Oct 29 12:05:50.443238 2024] [ssl:warn] [pid 6848:tid 164] AH01909: saw:443:0 server certificate does NOT include an ID which matches the server name
[Tue Oct 29 12:05:50.504559 2024] [ssl:warn] [pid 6848:tid 164] AH01909: saw:443:0 server certificate does NOT include an ID which matches the server name
[Tue Oct 29 12:05:51.574399 2024] [ssl:warn] [pid 11204:tid 316] AH01909: saw:443:0 server certificate does NOT include an ID which matches the server name
[Tue Oct 29 12:05:51.627922 2024] [ssl:warn] [pid 11204:tid 316] AH01909: saw:443:0 server certificate does NOT include an ID which matches the server name
[Tue Oct 29 12:08:14.651749 2024] [ssl:warn] [pid 7840:tid 332] AH01909: saw:443:0 server certificate does NOT include an ID which matches the server name
[Tue Oct 29 12:08:14.710730 2024] [ssl:warn] [pid 7840:tid 332] AH01909: saw:443:0 server certificate does NOT include an ID which matches the server name
[Tue Oct 29 12:08:15.252361 2024] [ssl:warn] [pid 10004:tid 316] AH01909: saw:443:0 server certificate does NOT include an ID which matches the server name
[Tue Oct 29 12:08:15.320166 2024] [ssl:warn] [pid 10004:tid 316] AH01909: saw:443:0 server certificate does NOT include an ID which matches the server name
[Tue Oct 29 12:35:13.863701 2024] [ssl:warn] [pid 7292:tid 328] AH01909: saw:443:0 server certificate does NOT include an ID which matches the server name
[Tue Oct 29 12:35:13.927915 2024] [ssl:warn] [pid 7292:tid 328] AH01909: saw:443:0 server certificate does NOT include an ID which matches the server name
[Tue Oct 29 12:35:15.076309 2024] [ssl:warn] [pid 15192:tid 344] AH01909: saw:443:0 server certificate does NOT include an ID which matches the server name
[Tue Oct 29 12:35:15.130154 2024] [ssl:warn] [pid 15192:tid 344] AH01909: saw:443:0 server certificate does NOT include an ID which matches the server name
[Thu Nov 07 23:15:29.479211 2024] [ssl:warn] [pid 12988:tid 320] AH01909: saw:443:0 server certificate does NOT include an ID which matches the server name
[Thu Nov 07 23:15:29.537923 2024] [ssl:warn] [pid 12988:tid 320] AH01909: saw:443:0 server certificate does NOT include an ID which matches the server name
[Thu Nov 07 23:15:30.515929 2024] [ssl:warn] [pid 12000:tid 344] AH01909: saw:443:0 server certificate does NOT include an ID which matches the server name
[Thu Nov 07 23:15:30.565930 2024] [ssl:warn] [pid 12000:tid 344] AH01909: saw:443:0 server certificate does NOT include an ID which matches the server name
[Thu Nov 07 23:43:06.641037 2024] [ssl:warn] [pid 8232:tid 180] AH01909: saw:443:0 server certificate does NOT include an ID which matches the server name
[Thu Nov 07 23:43:06.707284 2024] [ssl:warn] [pid 8232:tid 180] AH01909: saw:443:0 server certificate does NOT include an ID which matches the server name
[Thu Nov 07 23:43:07.395393 2024] [ssl:warn] [pid 14836:tid 340] AH01909: saw:443:0 server certificate does NOT include an ID which matches the server name
[Thu Nov 07 23:43:07.454927 2024] [ssl:warn] [pid 14836:tid 340] AH01909: saw:443:0 server certificate does NOT include an ID which matches the server name
[Tue Nov 12 10:23:53.861298 2024] [ssl:warn] [pid 19572:tid 332] AH01909: saw:443:0 server certificate does NOT include an ID which matches the server name
[Tue Nov 12 10:23:53.919000 2024] [ssl:warn] [pid 19572:tid 332] AH01909: saw:443:0 server certificate does NOT include an ID which matches the server name
[Tue Nov 12 10:23:55.027134 2024] [ssl:warn] [pid 4016:tid 328] AH01909: saw:443:0 server certificate does NOT include an ID which matches the server name
[Tue Nov 12 10:23:55.077507 2024] [ssl:warn] [pid 4016:tid 328] AH01909: saw:443:0 server certificate does NOT include an ID which matches the server name
[Tue Nov 19 10:40:46.698132 2024] [ssl:warn] [pid 9684:tid 344] AH01909: saw:443:0 server certificate does NOT include an ID which matches the server name
[Tue Nov 19 10:40:46.760244 2024] [ssl:warn] [pid 9684:tid 344] AH01909: saw:443:0 server certificate does NOT include an ID which matches the server name
[Tue Nov 19 10:40:47.795432 2024] [ssl:warn] [pid 9280:tid 328] AH01909: saw:443:0 server certificate does NOT include an ID which matches the server name
[Tue Nov 19 10:40:47.843779 2024] [ssl:warn] [pid 9280:tid 328] AH01909: saw:443:0 server certificate does NOT include an ID which matches the server name
[Tue Nov 19 10:52:14.254137 2024] [ssl:warn] [pid 10720:tid 332] AH01909: saw:443:0 server certificate does NOT include an ID which matches the server name
[Tue Nov 19 10:52:14.314338 2024] [ssl:warn] [pid 10720:tid 332] AH01909: saw:443:0 server certificate does NOT include an ID which matches the server name
[Tue Nov 19 10:52:14.941308 2024] [ssl:warn] [pid 15356:tid 320] AH01909: saw:443:0 server certificate does NOT include an ID which matches the server name
[Tue Nov 19 10:52:15.005953 2024] [ssl:warn] [pid 15356:tid 320] AH01909: saw:443:0 server certificate does NOT include an ID which matches the server name
[Tue Nov 19 11:49:31.027749 2024] [ssl:warn] [pid 18748:tid 320] AH01909: saw:443:0 server certificate does NOT include an ID which matches the server name
[Tue Nov 19 11:49:31.088522 2024] [ssl:warn] [pid 18748:tid 320] AH01909: saw:443:0 server certificate does NOT include an ID which matches the server name
[Tue Nov 19 11:49:31.643042 2024] [ssl:warn] [pid 16460:tid 336] AH01909: saw:443:0 server certificate does NOT include an ID which matches the server name
[Tue Nov 19 11:49:31.695749 2024] [ssl:warn] [pid 16460:tid 336] AH01909: saw:443:0 server certificate does NOT include an ID which matches the server name
[Tue Nov 19 12:28:29.869598 2024] [ssl:warn] [pid 4092:tid 328] AH01909: saw:443:0 server certificate does NOT include an ID which matches the server name
[Tue Nov 19 12:28:29.931988 2024] [ssl:warn] [pid 4092:tid 328] AH01909: saw:443:0 server certificate does NOT include an ID which matches the server name
[Tue Nov 19 12:28:30.619016 2024] [ssl:warn] [pid 19096:tid 320] AH01909: saw:443:0 server certificate does NOT include an ID which matches the server name
[Tue Nov 19 12:28:30.682211 2024] [ssl:warn] [pid 19096:tid 320] AH01909: saw:443:0 server certificate does NOT include an ID which matches the server name
[Tue Nov 19 13:22:21.572876 2024] [ssl:warn] [pid 14632:tid 332] AH01909: saw:443:0 server certificate does NOT include an ID which matches the server name
[Tue Nov 19 13:22:21.650981 2024] [ssl:warn] [pid 14632:tid 332] AH01909: saw:443:0 server certificate does NOT include an ID which matches the server name
[Tue Nov 19 13:22:22.377055 2024] [ssl:warn] [pid 7752:tid 324] AH01909: saw:443:0 server certificate does NOT include an ID which matches the server name
[Tue Nov 19 13:22:22.434767 2024] [ssl:warn] [pid 7752:tid 324] AH01909: saw:443:0 server certificate does NOT include an ID which matches the server name
[Tue Nov 26 10:33:08.885414 2024] [ssl:warn] [pid 8632:tid 344] AH01909: saw:443:0 server certificate does NOT include an ID which matches the server name
[Tue Nov 26 10:33:08.985214 2024] [ssl:warn] [pid 8632:tid 344] AH01909: saw:443:0 server certificate does NOT include an ID which matches the server name
[Tue Nov 26 10:33:10.031586 2024] [ssl:warn] [pid 12220:tid 320] AH01909: saw:443:0 server certificate does NOT include an ID which matches the server name
[Tue Nov 26 10:33:10.082706 2024] [ssl:warn] [pid 12220:tid 320] AH01909: saw:443:0 server certificate does NOT include an ID which matches the server name
[Tue Nov 26 10:52:55.767117 2024] [ssl:warn] [pid 8916:tid 320] AH01909: saw:443:0 server certificate does NOT include an ID which matches the server name
[Tue Nov 26 10:52:55.821922 2024] [ssl:warn] [pid 8916:tid 320] AH01909: saw:443:0 server certificate does NOT include an ID which matches the server name
[Tue Nov 26 10:52:56.328110 2024] [ssl:warn] [pid 3680:tid 316] AH01909: saw:443:0 server certificate does NOT include an ID which matches the server name
[Tue Nov 26 10:52:56.377179 2024] [ssl:warn] [pid 3680:tid 316] AH01909: saw:443:0 server certificate does NOT include an ID which matches the server name
[Tue Nov 26 10:55:50.879719 2024] [ssl:warn] [pid 15040:tid 344] AH01909: saw:443:0 server certificate does NOT include an ID which matches the server name
[Tue Nov 26 10:55:50.936174 2024] [ssl:warn] [pid 15040:tid 344] AH01909: saw:443:0 server certificate does NOT include an ID which matches the server name
[Tue Nov 26 10:55:51.455963 2024] [ssl:warn] [pid 10520:tid 316] AH01909: saw:443:0 server certificate does NOT include an ID which matches the server name
[Tue Nov 26 10:55:51.504699 2024] [ssl:warn] [pid 10520:tid 316] AH01909: saw:443:0 server certificate does NOT include an ID which matches the server name
[Tue Nov 26 10:58:38.534664 2024] [ssl:warn] [pid 1812:tid 320] AH01909: saw:443:0 server certificate does NOT include an ID which matches the server name
[Tue Nov 26 10:58:38.589252 2024] [ssl:warn] [pid 1812:tid 320] AH01909: saw:443:0 server certificate does NOT include an ID which matches the server name
[Tue Nov 26 10:58:39.110125 2024] [ssl:warn] [pid 7844:tid 332] AH01909: saw:443:0 server certificate does NOT include an ID which matches the server name
[Tue Nov 26 10:58:39.162462 2024] [ssl:warn] [pid 7844:tid 332] AH01909: saw:443:0 server certificate does NOT include an ID which matches the server name
[Tue Nov 26 11:04:58.205414 2024] [ssl:warn] [pid 1240:tid 336] AH01909: saw:443:0 server certificate does NOT include an ID which matches the server name
[Tue Nov 26 11:04:58.260735 2024] [ssl:warn] [pid 1240:tid 336] AH01909: saw:443:0 server certificate does NOT include an ID which matches the server name
[Tue Nov 26 11:05:01.105460 2024] [ssl:warn] [pid 11572:tid 328] AH01909: saw:443:0 server certificate does NOT include an ID which matches the server name
[Tue Nov 26 11:05:01.185749 2024] [ssl:warn] [pid 11572:tid 328] AH01909: saw:443:0 server certificate does NOT include an ID which matches the server name
[Tue Nov 26 11:08:04.652561 2024] [ssl:warn] [pid 11412:tid 348] AH01909: saw:443:0 server certificate does NOT include an ID which matches the server name
[Tue Nov 26 11:08:04.708406 2024] [ssl:warn] [pid 11412:tid 348] AH01909: saw:443:0 server certificate does NOT include an ID which matches the server name
[Tue Nov 26 11:08:05.231914 2024] [ssl:warn] [pid 11792:tid 344] AH01909: saw:443:0 server certificate does NOT include an ID which matches the server name
[Tue Nov 26 11:08:05.281126 2024] [ssl:warn] [pid 11792:tid 344] AH01909: saw:443:0 server certificate does NOT include an ID which matches the server name
[Tue Nov 26 12:00:38.948152 2024] [ssl:warn] [pid 14556:tid 328] AH01909: saw:443:0 server certificate does NOT include an ID which matches the server name
[Tue Nov 26 12:00:39.010680 2024] [ssl:warn] [pid 14556:tid 328] AH01909: saw:443:0 server certificate does NOT include an ID which matches the server name
[Tue Nov 26 12:00:40.245395 2024] [ssl:warn] [pid 12048:tid 328] AH01909: saw:443:0 server certificate does NOT include an ID which matches the server name
[Tue Nov 26 12:00:40.341537 2024] [ssl:warn] [pid 12048:tid 328] AH01909: saw:443:0 server certificate does NOT include an ID which matches the server name
[Tue Nov 26 12:35:51.790667 2024] [ssl:warn] [pid 15940:tid 332] AH01909: saw:443:0 server certificate does NOT include an ID which matches the server name
[Tue Nov 26 12:35:51.858437 2024] [ssl:warn] [pid 15940:tid 332] AH01909: saw:443:0 server certificate does NOT include an ID which matches the server name
[Tue Nov 26 12:35:52.507303 2024] [ssl:warn] [pid 11108:tid 184] AH01909: saw:443:0 server certificate does NOT include an ID which matches the server name
[Tue Nov 26 12:35:52.568124 2024] [ssl:warn] [pid 11108:tid 184] AH01909: saw:443:0 server certificate does NOT include an ID which matches the server name
[Sun Dec 01 20:00:23.380376 2024] [ssl:warn] [pid 7860:tid 348] AH01909: saw:443:0 server certificate does NOT include an ID which matches the server name
[Sun Dec 01 20:00:23.444189 2024] [ssl:warn] [pid 7860:tid 348] AH01909: saw:443:0 server certificate does NOT include an ID which matches the server name
[Sun Dec 01 20:00:24.586728 2024] [ssl:warn] [pid 1736:tid 360] AH01909: saw:443:0 server certificate does NOT include an ID which matches the server name
[Sun Dec 01 20:00:24.641298 2024] [ssl:warn] [pid 1736:tid 360] AH01909: saw:443:0 server certificate does NOT include an ID which matches the server name
[Sun Dec 01 22:03:41.300957 2024] [ssl:warn] [pid 8232:tid 364] AH01909: saw:443:0 server certificate does NOT include an ID which matches the server name
[Sun Dec 01 22:03:41.362279 2024] [ssl:warn] [pid 8232:tid 364] AH01909: saw:443:0 server certificate does NOT include an ID which matches the server name
[Sun Dec 01 22:03:42.318120 2024] [ssl:warn] [pid 17592:tid 320] AH01909: saw:443:0 server certificate does NOT include an ID which matches the server name
[Sun Dec 01 22:03:42.378095 2024] [ssl:warn] [pid 17592:tid 320] AH01909: saw:443:0 server certificate does NOT include an ID which matches the server name
[Sun Dec 01 22:21:36.692068 2024] [ssl:warn] [pid 6720:tid 332] AH01909: saw:443:0 server certificate does NOT include an ID which matches the server name
[Sun Dec 01 22:21:36.752640 2024] [ssl:warn] [pid 6720:tid 332] AH01909: saw:443:0 server certificate does NOT include an ID which matches the server name
[Sun Dec 01 22:21:37.386205 2024] [ssl:warn] [pid 19060:tid 316] AH01909: saw:443:0 server certificate does NOT include an ID which matches the server name
[Sun Dec 01 22:21:37.447922 2024] [ssl:warn] [pid 19060:tid 316] AH01909: saw:443:0 server certificate does NOT include an ID which matches the server name
[Mon Dec 02 23:11:51.808129 2024] [ssl:warn] [pid 17560:tid 340] AH01909: saw:443:0 server certificate does NOT include an ID which matches the server name
[Mon Dec 02 23:11:51.872122 2024] [ssl:warn] [pid 17560:tid 340] AH01909: saw:443:0 server certificate does NOT include an ID which matches the server name
[Mon Dec 02 23:11:53.055055 2024] [ssl:warn] [pid 12188:tid 328] AH01909: saw:443:0 server certificate does NOT include an ID which matches the server name
[Mon Dec 02 23:11:53.115449 2024] [ssl:warn] [pid 12188:tid 328] AH01909: saw:443:0 server certificate does NOT include an ID which matches the server name
[Mon Dec 02 23:35:37.135709 2024] [ssl:warn] [pid 3224:tid 348] AH01909: saw:443:0 server certificate does NOT include an ID which matches the server name
[Mon Dec 02 23:35:37.211048 2024] [ssl:warn] [pid 3224:tid 348] AH01909: saw:443:0 server certificate does NOT include an ID which matches the server name
[Mon Dec 02 23:35:37.924625 2024] [ssl:warn] [pid 14404:tid 208] AH01909: saw:443:0 server certificate does NOT include an ID which matches the server name
[Mon Dec 02 23:35:37.984277 2024] [ssl:warn] [pid 14404:tid 208] AH01909: saw:443:0 server certificate does NOT include an ID which matches the server name
[Mon Dec 02 23:55:39.409183 2024] [ssl:warn] [pid 8364:tid 320] AH01909: saw:443:0 server certificate does NOT include an ID which matches the server name
[Mon Dec 02 23:55:39.478850 2024] [ssl:warn] [pid 8364:tid 320] AH01909: saw:443:0 server certificate does NOT include an ID which matches the server name
[Mon Dec 02 23:55:40.189155 2024] [ssl:warn] [pid 2676:tid 336] AH01909: saw:443:0 server certificate does NOT include an ID which matches the server name
[Mon Dec 02 23:55:40.254124 2024] [ssl:warn] [pid 2676:tid 336] AH01909: saw:443:0 server certificate does NOT include an ID which matches the server name
[Thu Dec 05 16:23:56.468033 2024] [ssl:warn] [pid 21732:tid 344] AH01909: saw:443:0 server certificate does NOT include an ID which matches the server name
[Thu Dec 05 16:23:56.549769 2024] [ssl:warn] [pid 21732:tid 344] AH01909: saw:443:0 server certificate does NOT include an ID which matches the server name
[Thu Dec 05 16:23:58.332004 2024] [ssl:warn] [pid 7612:tid 328] AH01909: saw:443:0 server certificate does NOT include an ID which matches the server name
[Thu Dec 05 16:23:58.425230 2024] [ssl:warn] [pid 7612:tid 328] AH01909: saw:443:0 server certificate does NOT include an ID which matches the server name
[Thu Dec 05 23:36:31.920955 2024] [ssl:warn] [pid 5788:tid 320] AH01909: saw:443:0 server certificate does NOT include an ID which matches the server name
[Thu Dec 05 23:36:32.066013 2024] [ssl:warn] [pid 5788:tid 320] AH01909: saw:443:0 server certificate does NOT include an ID which matches the server name
[Thu Dec 05 23:36:33.408504 2024] [ssl:warn] [pid 3512:tid 328] AH01909: saw:443:0 server certificate does NOT include an ID which matches the server name
[Thu Dec 05 23:36:33.469667 2024] [ssl:warn] [pid 3512:tid 328] AH01909: saw:443:0 server certificate does NOT include an ID which matches the server name
[Fri Dec 06 09:34:43.609631 2024] [ssl:warn] [pid 15016:tid 212] AH01909: saw:443:0 server certificate does NOT include an ID which matches the server name
[Fri Dec 06 09:34:43.679165 2024] [ssl:warn] [pid 15016:tid 212] AH01909: saw:443:0 server certificate does NOT include an ID which matches the server name
[Fri Dec 06 09:34:44.619099 2024] [ssl:warn] [pid 492:tid 316] AH01909: saw:443:0 server certificate does NOT include an ID which matches the server name
[Fri Dec 06 09:34:44.699435 2024] [ssl:warn] [pid 492:tid 316] AH01909: saw:443:0 server certificate does NOT include an ID which matches the server name
[Sun Dec 08 13:20:27.341121 2024] [ssl:warn] [pid 7140:tid 328] AH01909: saw:443:0 server certificate does NOT include an ID which matches the server name
[Sun Dec 08 13:20:27.413041 2024] [ssl:warn] [pid 7140:tid 328] AH01909: saw:443:0 server certificate does NOT include an ID which matches the server name
[Sun Dec 08 13:20:28.597166 2024] [ssl:warn] [pid 13864:tid 316] AH01909: saw:443:0 server certificate does NOT include an ID which matches the server name
[Sun Dec 08 13:20:28.655084 2024] [ssl:warn] [pid 13864:tid 316] AH01909: saw:443:0 server certificate does NOT include an ID which matches the server name
[Sun Dec 08 20:55:13.857985 2024] [ssl:warn] [pid 7532:tid 360] AH01909: saw:443:0 server certificate does NOT include an ID which matches the server name
[Sun Dec 08 20:55:13.963866 2024] [ssl:warn] [pid 7532:tid 360] AH01909: saw:443:0 server certificate does NOT include an ID which matches the server name
[Sun Dec 08 20:55:15.311615 2024] [ssl:warn] [pid 17936:tid 316] AH01909: saw:443:0 server certificate does NOT include an ID which matches the server name
[Sun Dec 08 20:55:15.371737 2024] [ssl:warn] [pid 17936:tid 316] AH01909: saw:443:0 server certificate does NOT include an ID which matches the server name
[Sun Dec 08 21:12:11.261829 2024] [ssl:warn] [pid 20376:tid 332] AH01909: saw:443:0 server certificate does NOT include an ID which matches the server name
[Sun Dec 08 21:12:11.327626 2024] [ssl:warn] [pid 20376:tid 332] AH01909: saw:443:0 server certificate does NOT include an ID which matches the server name
[Sun Dec 08 21:12:12.082251 2024] [ssl:warn] [pid 12324:tid 320] AH01909: saw:443:0 server certificate does NOT include an ID which matches the server name
[Sun Dec 08 21:12:12.148500 2024] [ssl:warn] [pid 12324:tid 320] AH01909: saw:443:0 server certificate does NOT include an ID which matches the server name
[Sun Dec 08 21:12:44.572316 2024] [ssl:warn] [pid 12512:tid 320] AH01909: saw:443:0 server certificate does NOT include an ID which matches the server name
[Sun Dec 08 21:12:44.634715 2024] [ssl:warn] [pid 12512:tid 320] AH01909: saw:443:0 server certificate does NOT include an ID which matches the server name
[Sun Dec 08 21:12:45.212333 2024] [ssl:warn] [pid 12372:tid 320] AH01909: saw:443:0 server certificate does NOT include an ID which matches the server name
[Sun Dec 08 21:12:45.271144 2024] [ssl:warn] [pid 12372:tid 320] AH01909: saw:443:0 server certificate does NOT include an ID which matches the server name
[Sun Dec 08 21:19:08.214305 2024] [ssl:warn] [pid 18784:tid 332] AH01909: saw:443:0 server certificate does NOT include an ID which matches the server name
[Sun Dec 08 21:19:08.275672 2024] [ssl:warn] [pid 18784:tid 332] AH01909: saw:443:0 server certificate does NOT include an ID which matches the server name
[Sun Dec 08 21:19:08.835550 2024] [ssl:warn] [pid 15084:tid 340] AH01909: saw:443:0 server certificate does NOT include an ID which matches the server name
[Sun Dec 08 21:19:08.897547 2024] [ssl:warn] [pid 15084:tid 340] AH01909: saw:443:0 server certificate does NOT include an ID which matches the server name
[Sun Dec 08 21:22:50.466709 2024] [ssl:warn] [pid 13836:tid 336] AH01909: saw:443:0 server certificate does NOT include an ID which matches the server name
[Sun Dec 08 21:22:50.551979 2024] [ssl:warn] [pid 13836:tid 336] AH01909: saw:443:0 server certificate does NOT include an ID which matches the server name
[Sun Dec 08 21:22:51.761380 2024] [ssl:warn] [pid 2084:tid 316] AH01909: saw:443:0 server certificate does NOT include an ID which matches the server name
[Sun Dec 08 21:22:51.826385 2024] [ssl:warn] [pid 2084:tid 316] AH01909: saw:443:0 server certificate does NOT include an ID which matches the server name
[Sun Dec 08 21:34:58.957796 2024] [ssl:warn] [pid 9336:tid 336] AH01909: saw:443:0 server certificate does NOT include an ID which matches the server name
[Sun Dec 08 21:34:59.018707 2024] [ssl:warn] [pid 9336:tid 336] AH01909: saw:443:0 server certificate does NOT include an ID which matches the server name
[Sun Dec 08 21:34:59.901463 2024] [ssl:warn] [pid 1380:tid 332] AH01909: saw:443:0 server certificate does NOT include an ID which matches the server name
[Sun Dec 08 21:34:59.958518 2024] [ssl:warn] [pid 1380:tid 332] AH01909: saw:443:0 server certificate does NOT include an ID which matches the server name
[Sun Dec 08 21:35:24.170663 2024] [ssl:warn] [pid 4364:tid 332] AH01909: saw:443:0 server certificate does NOT include an ID which matches the server name
[Sun Dec 08 21:35:24.233445 2024] [ssl:warn] [pid 4364:tid 332] AH01909: saw:443:0 server certificate does NOT include an ID which matches the server name
[Sun Dec 08 21:35:24.769331 2024] [ssl:warn] [pid 6180:tid 344] AH01909: saw:443:0 server certificate does NOT include an ID which matches the server name
[Sun Dec 08 21:35:24.825350 2024] [ssl:warn] [pid 6180:tid 344] AH01909: saw:443:0 server certificate does NOT include an ID which matches the server name
[Sun Dec 08 22:32:34.434927 2024] [ssl:warn] [pid 5236:tid 352] AH01909: saw:443:0 server certificate does NOT include an ID which matches the server name
[Sun Dec 08 22:32:34.496953 2024] [ssl:warn] [pid 5236:tid 352] AH01909: saw:443:0 server certificate does NOT include an ID which matches the server name
[Sun Dec 08 22:32:35.035578 2024] [ssl:warn] [pid 2564:tid 328] AH01909: saw:443:0 server certificate does NOT include an ID which matches the server name
[Sun Dec 08 22:32:35.091644 2024] [ssl:warn] [pid 2564:tid 328] AH01909: saw:443:0 server certificate does NOT include an ID which matches the server name
[Sun Dec 08 22:46:08.378288 2024] [ssl:warn] [pid 5100:tid 364] AH01909: saw:443:0 server certificate does NOT include an ID which matches the server name
[Sun Dec 08 22:46:08.425762 2024] [ssl:warn] [pid 5100:tid 364] AH01909: saw:443:0 server certificate does NOT include an ID which matches the server name
[Sun Dec 08 22:46:09.086606 2024] [ssl:warn] [pid 7572:tid 328] AH01909: saw:443:0 server certificate does NOT include an ID which matches the server name
[Sun Dec 08 22:46:09.147479 2024] [ssl:warn] [pid 7572:tid 328] AH01909: saw:443:0 server certificate does NOT include an ID which matches the server name
[Sun Dec 08 22:48:17.893348 2024] [ssl:warn] [pid 16028:tid 368] AH01909: saw:443:0 server certificate does NOT include an ID which matches the server name
[Sun Dec 08 22:48:17.955834 2024] [ssl:warn] [pid 16028:tid 368] AH01909: saw:443:0 server certificate does NOT include an ID which matches the server name
[Sun Dec 08 22:48:18.614745 2024] [ssl:warn] [pid 11200:tid 316] AH01909: saw:443:0 server certificate does NOT include an ID which matches the server name
[Sun Dec 08 22:48:18.666113 2024] [ssl:warn] [pid 11200:tid 316] AH01909: saw:443:0 server certificate does NOT include an ID which matches the server name
[Sun Dec 08 22:49:33.764594 2024] [ssl:warn] [pid 14592:tid 164] AH01909: saw:443:0 server certificate does NOT include an ID which matches the server name
[Sun Dec 08 22:49:33.834561 2024] [ssl:warn] [pid 14592:tid 164] AH01909: saw:443:0 server certificate does NOT include an ID which matches the server name
[Sun Dec 08 22:49:34.407468 2024] [ssl:warn] [pid 13160:tid 340] AH01909: saw:443:0 server certificate does NOT include an ID which matches the server name
[Sun Dec 08 22:49:34.470376 2024] [ssl:warn] [pid 13160:tid 340] AH01909: saw:443:0 server certificate does NOT include an ID which matches the server name
[Sun Dec 08 22:50:51.068890 2024] [ssl:warn] [pid 13408:tid 344] AH01909: saw:443:0 server certificate does NOT include an ID which matches the server name
[Sun Dec 08 22:50:51.131409 2024] [ssl:warn] [pid 13408:tid 344] AH01909: saw:443:0 server certificate does NOT include an ID which matches the server name
[Sun Dec 08 22:50:51.646915 2024] [ssl:warn] [pid 16360:tid 332] AH01909: saw:443:0 server certificate does NOT include an ID which matches the server name
[Sun Dec 08 22:50:51.693766 2024] [ssl:warn] [pid 16360:tid 332] AH01909: saw:443:0 server certificate does NOT include an ID which matches the server name
[Sun Dec 08 22:51:25.830931 2024] [ssl:warn] [pid 9024:tid 176] AH01909: saw:443:0 server certificate does NOT include an ID which matches the server name
[Sun Dec 08 22:51:25.891514 2024] [ssl:warn] [pid 9024:tid 176] AH01909: saw:443:0 server certificate does NOT include an ID which matches the server name
[Sun Dec 08 22:51:26.531021 2024] [ssl:warn] [pid 5912:tid 328] AH01909: saw:443:0 server certificate does NOT include an ID which matches the server name
[Sun Dec 08 22:51:26.597509 2024] [ssl:warn] [pid 5912:tid 328] AH01909: saw:443:0 server certificate does NOT include an ID which matches the server name
[Sun Dec 08 22:51:29.313392 2024] [ssl:warn] [pid 1840:tid 336] AH01909: saw:443:0 server certificate does NOT include an ID which matches the server name
[Sun Dec 08 22:51:29.375878 2024] [ssl:warn] [pid 1840:tid 336] AH01909: saw:443:0 server certificate does NOT include an ID which matches the server name
[Sun Dec 08 22:51:29.906999 2024] [ssl:warn] [pid 11804:tid 324] AH01909: saw:443:0 server certificate does NOT include an ID which matches the server name
[Sun Dec 08 22:51:29.969486 2024] [ssl:warn] [pid 11804:tid 324] AH01909: saw:443:0 server certificate does NOT include an ID which matches the server name
[Sun Dec 08 22:52:08.221619 2024] [ssl:warn] [pid 5676:tid 320] AH01909: saw:443:0 server certificate does NOT include an ID which matches the server name
[Sun Dec 08 22:52:08.268486 2024] [ssl:warn] [pid 5676:tid 320] AH01909: saw:443:0 server certificate does NOT include an ID which matches the server name
[Sun Dec 08 22:52:08.783987 2024] [ssl:warn] [pid 1784:tid 356] AH01909: saw:443:0 server certificate does NOT include an ID which matches the server name
[Sun Dec 08 22:52:08.830853 2024] [ssl:warn] [pid 1784:tid 356] AH01909: saw:443:0 server certificate does NOT include an ID which matches the server name
[Tue Dec 10 10:24:23.686189 2024] [ssl:warn] [pid 8572:tid 172] AH01909: saw:443:0 server certificate does NOT include an ID which matches the server name
[Tue Dec 10 10:24:23.760172 2024] [ssl:warn] [pid 8572:tid 172] AH01909: saw:443:0 server certificate does NOT include an ID which matches the server name
[Tue Dec 10 10:24:26.754861 2024] [ssl:warn] [pid 27292:tid 316] AH01909: saw:443:0 server certificate does NOT include an ID which matches the server name
[Tue Dec 10 10:24:26.882777 2024] [ssl:warn] [pid 27292:tid 316] AH01909: saw:443:0 server certificate does NOT include an ID which matches the server name
[Tue Dec 10 10:36:57.278739 2024] [ssl:warn] [pid 32348:tid 388] AH01909: saw:443:0 server certificate does NOT include an ID which matches the server name
[Tue Dec 10 10:36:57.324011 2024] [ssl:warn] [pid 32348:tid 388] AH01909: saw:443:0 server certificate does NOT include an ID which matches the server name
[Tue Dec 10 10:36:57.981864 2024] [ssl:warn] [pid 18640:tid 384] AH01909: saw:443:0 server certificate does NOT include an ID which matches the server name
[Tue Dec 10 10:36:58.026077 2024] [ssl:warn] [pid 18640:tid 384] AH01909: saw:443:0 server certificate does NOT include an ID which matches the server name
[Tue Dec 10 12:15:30.013360 2024] [ssl:warn] [pid 27188:tid 332] AH01909: saw:443:0 server certificate does NOT include an ID which matches the server name
[Tue Dec 10 12:15:30.076341 2024] [ssl:warn] [pid 27188:tid 332] AH01909: saw:443:0 server certificate does NOT include an ID which matches the server name
[Tue Dec 10 12:15:30.608503 2024] [ssl:warn] [pid 18600:tid 328] AH01909: saw:443:0 server certificate does NOT include an ID which matches the server name
[Tue Dec 10 12:15:30.669999 2024] [ssl:warn] [pid 18600:tid 328] AH01909: saw:443:0 server certificate does NOT include an ID which matches the server name
[Mon Dec 16 16:13:17.466635 2024] [ssl:warn] [pid 3416:tid 360] AH01909: saw:443:0 server certificate does NOT include an ID which matches the server name
[Mon Dec 16 16:13:17.531518 2024] [ssl:warn] [pid 3416:tid 360] AH01909: saw:443:0 server certificate does NOT include an ID which matches the server name
[Mon Dec 16 16:13:18.459514 2024] [ssl:warn] [pid 9348:tid 376] AH01909: saw:443:0 server certificate does NOT include an ID which matches the server name
[Mon Dec 16 16:13:18.522110 2024] [ssl:warn] [pid 9348:tid 376] AH01909: saw:443:0 server certificate does NOT include an ID which matches the server name
[Tue Dec 17 10:14:00.579485 2024] [ssl:warn] [pid 10368:tid 320] AH01909: saw:443:0 server certificate does NOT include an ID which matches the server name
[Tue Dec 17 10:14:00.660458 2024] [ssl:warn] [pid 10368:tid 320] AH01909: saw:443:0 server certificate does NOT include an ID which matches the server name
[Tue Dec 17 10:14:02.054714 2024] [ssl:warn] [pid 13200:tid 320] AH01909: saw:443:0 server certificate does NOT include an ID which matches the server name
[Tue Dec 17 10:14:02.121421 2024] [ssl:warn] [pid 13200:tid 320] AH01909: saw:443:0 server certificate does NOT include an ID which matches the server name
[Tue Dec 17 10:55:49.585619 2024] [ssl:warn] [pid 732:tid 336] AH01909: saw:443:0 server certificate does NOT include an ID which matches the server name
[Tue Dec 17 10:55:49.654246 2024] [ssl:warn] [pid 732:tid 336] AH01909: saw:443:0 server certificate does NOT include an ID which matches the server name
[Tue Dec 17 10:55:50.920258 2024] [ssl:warn] [pid 2124:tid 316] AH01909: saw:443:0 server certificate does NOT include an ID which matches the server name
[Tue Dec 17 10:55:50.980151 2024] [ssl:warn] [pid 2124:tid 316] AH01909: saw:443:0 server certificate does NOT include an ID which matches the server name
[Tue Dec 17 11:10:39.757908 2024] [ssl:warn] [pid 18184:tid 324] AH01909: saw:443:0 server certificate does NOT include an ID which matches the server name
[Tue Dec 17 11:10:39.816355 2024] [ssl:warn] [pid 18184:tid 324] AH01909: saw:443:0 server certificate does NOT include an ID which matches the server name
[Tue Dec 17 11:10:40.515629 2024] [ssl:warn] [pid 13284:tid 328] AH01909: saw:443:0 server certificate does NOT include an ID which matches the server name
[Tue Dec 17 11:10:40.571489 2024] [ssl:warn] [pid 13284:tid 328] AH01909: saw:443:0 server certificate does NOT include an ID which matches the server name
[Tue Dec 17 11:17:40.736691 2024] [ssl:warn] [pid 7140:tid 336] AH01909: saw:443:0 server certificate does NOT include an ID which matches the server name
[Tue Dec 17 11:17:40.794292 2024] [ssl:warn] [pid 7140:tid 336] AH01909: saw:443:0 server certificate does NOT include an ID which matches the server name
[Tue Dec 17 11:17:41.432600 2024] [ssl:warn] [pid 14044:tid 316] AH01909: saw:443:0 server certificate does NOT include an ID which matches the server name
[Tue Dec 17 11:17:41.488115 2024] [ssl:warn] [pid 14044:tid 316] AH01909: saw:443:0 server certificate does NOT include an ID which matches the server name
[Tue Dec 17 17:41:08.128814 2024] [ssl:warn] [pid 14492:tid 348] AH01909: saw:443:0 server certificate does NOT include an ID which matches the server name
[Tue Dec 17 17:41:08.185841 2024] [ssl:warn] [pid 14492:tid 348] AH01909: saw:443:0 server certificate does NOT include an ID which matches the server name
[Tue Dec 17 17:41:09.240896 2024] [ssl:warn] [pid 12260:tid 336] AH01909: saw:443:0 server certificate does NOT include an ID which matches the server name
[Tue Dec 17 17:41:09.296702 2024] [ssl:warn] [pid 12260:tid 336] AH01909: saw:443:0 server certificate does NOT include an ID which matches the server name
[Wed Dec 18 00:20:08.850647 2024] [ssl:warn] [pid 1264:tid 356] AH01909: saw:443:0 server certificate does NOT include an ID which matches the server name
[Wed Dec 18 00:20:08.910951 2024] [ssl:warn] [pid 1264:tid 356] AH01909: saw:443:0 server certificate does NOT include an ID which matches the server name
[Wed Dec 18 00:20:09.806488 2024] [ssl:warn] [pid 13812:tid 328] AH01909: saw:443:0 server certificate does NOT include an ID which matches the server name
[Wed Dec 18 00:20:09.861918 2024] [ssl:warn] [pid 13812:tid 328] AH01909: saw:443:0 server certificate does NOT include an ID which matches the server name
[Thu Dec 19 00:48:45.638594 2024] [ssl:warn] [pid 9708:tid 344] AH01909: saw:443:0 server certificate does NOT include an ID which matches the server name
[Thu Dec 19 00:48:45.710530 2024] [ssl:warn] [pid 9708:tid 344] AH01909: saw:443:0 server certificate does NOT include an ID which matches the server name
[Thu Dec 19 00:48:46.938698 2024] [ssl:warn] [pid 16256:tid 332] AH01909: saw:443:0 server certificate does NOT include an ID which matches the server name
[Thu Dec 19 00:48:46.994108 2024] [ssl:warn] [pid 16256:tid 332] AH01909: saw:443:0 server certificate does NOT include an ID which matches the server name
[Thu Dec 19 01:07:36.736077 2024] [ssl:warn] [pid 18188:tid 340] AH01909: saw:443:0 server certificate does NOT include an ID which matches the server name
[Thu Dec 19 01:07:36.797434 2024] [ssl:warn] [pid 18188:tid 340] AH01909: saw:443:0 server certificate does NOT include an ID which matches the server name
[Thu Dec 19 01:07:37.703972 2024] [ssl:warn] [pid 8308:tid 344] AH01909: saw:443:0 server certificate does NOT include an ID which matches the server name
[Thu Dec 19 01:07:37.760827 2024] [ssl:warn] [pid 8308:tid 344] AH01909: saw:443:0 server certificate does NOT include an ID which matches the server name
[Fri Dec 20 00:15:16.273295 2024] [ssl:warn] [pid 1384:tid 340] AH01909: saw:443:0 server certificate does NOT include an ID which matches the server name
[Fri Dec 20 00:15:16.338430 2024] [ssl:warn] [pid 1384:tid 340] AH01909: saw:443:0 server certificate does NOT include an ID which matches the server name
[Fri Dec 20 00:15:17.455560 2024] [ssl:warn] [pid 8264:tid 340] AH01909: saw:443:0 server certificate does NOT include an ID which matches the server name
[Fri Dec 20 00:15:17.512603 2024] [ssl:warn] [pid 8264:tid 340] AH01909: saw:443:0 server certificate does NOT include an ID which matches the server name
[Fri Dec 20 11:32:45.781812 2024] [ssl:warn] [pid 6528:tid 320] AH01909: saw:443:0 server certificate does NOT include an ID which matches the server name
[Fri Dec 20 11:32:45.860313 2024] [ssl:warn] [pid 6528:tid 320] AH01909: saw:443:0 server certificate does NOT include an ID which matches the server name
[Fri Dec 20 11:32:47.661947 2024] [ssl:warn] [pid 2088:tid 320] AH01909: saw:443:0 server certificate does NOT include an ID which matches the server name
[Fri Dec 20 11:32:47.756081 2024] [ssl:warn] [pid 2088:tid 320] AH01909: saw:443:0 server certificate does NOT include an ID which matches the server name
[Sat Dec 21 15:35:50.079473 2024] [ssl:warn] [pid 6364:tid 324] AH01909: saw:443:0 server certificate does NOT include an ID which matches the server name
[Sat Dec 21 15:35:50.168308 2024] [ssl:warn] [pid 6364:tid 324] AH01909: saw:443:0 server certificate does NOT include an ID which matches the server name
[Sat Dec 21 15:35:51.262307 2024] [ssl:warn] [pid 15824:tid 316] AH01909: saw:443:0 server certificate does NOT include an ID which matches the server name
[Sat Dec 21 15:35:51.323970 2024] [ssl:warn] [pid 15824:tid 316] AH01909: saw:443:0 server certificate does NOT include an ID which matches the server name
[Sat Dec 21 21:34:12.570071 2024] [ssl:warn] [pid 17364:tid 340] AH01909: saw:443:0 server certificate does NOT include an ID which matches the server name
[Sat Dec 21 21:34:12.639159 2024] [ssl:warn] [pid 17364:tid 340] AH01909: saw:443:0 server certificate does NOT include an ID which matches the server name
[Sat Dec 21 21:34:13.226531 2024] [ssl:warn] [pid 10256:tid 336] AH01909: saw:443:0 server certificate does NOT include an ID which matches the server name
[Sat Dec 21 21:34:13.284058 2024] [ssl:warn] [pid 10256:tid 336] AH01909: saw:443:0 server certificate does NOT include an ID which matches the server name
[Sat Dec 21 22:20:39.797926 2024] [ssl:warn] [pid 3892:tid 336] AH01909: saw:443:0 server certificate does NOT include an ID which matches the server name
[Sat Dec 21 22:20:39.861968 2024] [ssl:warn] [pid 3892:tid 336] AH01909: saw:443:0 server certificate does NOT include an ID which matches the server name
[Sat Dec 21 22:20:40.965363 2024] [ssl:warn] [pid 1872:tid 348] AH01909: saw:443:0 server certificate does NOT include an ID which matches the server name
[Sat Dec 21 22:20:41.091035 2024] [ssl:warn] [pid 1872:tid 348] AH01909: saw:443:0 server certificate does NOT include an ID which matches the server name
[Sun Dec 22 16:25:55.062073 2024] [ssl:warn] [pid 10684:tid 344] AH01909: saw:443:0 server certificate does NOT include an ID which matches the server name
[Sun Dec 22 16:25:55.186362 2024] [ssl:warn] [pid 10684:tid 344] AH01909: saw:443:0 server certificate does NOT include an ID which matches the server name
[Sun Dec 22 16:25:56.807859 2024] [ssl:warn] [pid 9808:tid 316] AH01909: saw:443:0 server certificate does NOT include an ID which matches the server name
[Sun Dec 22 16:25:56.914929 2024] [ssl:warn] [pid 9808:tid 316] AH01909: saw:443:0 server certificate does NOT include an ID which matches the server name
[Mon Dec 23 00:13:11.786565 2024] [ssl:warn] [pid 404:tid 360] AH01909: saw:443:0 server certificate does NOT include an ID which matches the server name
[Mon Dec 23 00:13:11.849009 2024] [ssl:warn] [pid 404:tid 360] AH01909: saw:443:0 server certificate does NOT include an ID which matches the server name
[Mon Dec 23 00:13:12.564981 2024] [ssl:warn] [pid 14296:tid 320] AH01909: saw:443:0 server certificate does NOT include an ID which matches the server name
[Mon Dec 23 00:13:12.620452 2024] [ssl:warn] [pid 14296:tid 320] AH01909: saw:443:0 server certificate does NOT include an ID which matches the server name
[Mon Dec 23 12:59:15.377561 2024] [ssl:warn] [pid 15036:tid 320] AH01909: saw:443:0 server certificate does NOT include an ID which matches the server name
[Mon Dec 23 12:59:15.442762 2024] [ssl:warn] [pid 15036:tid 320] AH01909: saw:443:0 server certificate does NOT include an ID which matches the server name
[Mon Dec 23 12:59:16.888734 2024] [ssl:warn] [pid 17628:tid 248] AH01909: saw:443:0 server certificate does NOT include an ID which matches the server name
[Mon Dec 23 12:59:16.958847 2024] [ssl:warn] [pid 17628:tid 248] AH01909: saw:443:0 server certificate does NOT include an ID which matches the server name
[Tue Dec 24 17:59:58.373163 2024] [ssl:warn] [pid 16528:tid 336] AH01909: saw:443:0 server certificate does NOT include an ID which matches the server name
[Tue Dec 24 17:59:58.443037 2024] [ssl:warn] [pid 16528:tid 336] AH01909: saw:443:0 server certificate does NOT include an ID which matches the server name
[Tue Dec 24 17:59:59.677873 2024] [ssl:warn] [pid 18712:tid 332] AH01909: saw:443:0 server certificate does NOT include an ID which matches the server name
[Tue Dec 24 17:59:59.749828 2024] [ssl:warn] [pid 18712:tid 332] AH01909: saw:443:0 server certificate does NOT include an ID which matches the server name
